#
# A fatal error has been detected by the Java Runtime Environment:
#
#  EXCEPTION_ACCESS_VIOLATION (0xc0000005) at pc=0xffffffffa3695120, pid=3108, tid=0x0000000000000fd8
#
# JRE version: OpenJDK Runtime Environment (8.0) (build 1.8.0-adoptopenjdk-_2018_05_19_00_59-b00)
# Java VM: OpenJDK 64-Bit Server VM (25.71-b00 mixed mode windows-amd64 compressed oops)
# Problematic frame:
# C  0xffffffffa3695120
#
# Failed to write core dump. Minidumps are not enabled by default on client versions of Windows
#
# If you would like to submit a bug report, please visit:
#   http://bugreport.java.com/bugreport/crash.jsp
#

---------------  T H R E A D  ---------------

Current thread (0x0000000001e3e800):  JavaThread "main" [_thread_in_Java, id=4056, stack(0x00000000022c0000,0x00000000023c0000)]

siginfo: ExceptionCode=0xc0000005, ExceptionInformation=0x0000000000000008 0xffffffffa3695120

Registers:
RAX=0x00000000544f1838, RBX=0x00000000544f1838, RCX=0x00000000eafe2ac8, RDX=0x00000000eafe2ac8
RSP=0x00000000023beb48, RBP=0x00000000023beba8, RSI=0x00000000000001b0, RDI=0x0000000000000d89
R8 =0x0000000000000065, R9 =0x47fffffe87ffffff, R10=0x00000000694f2b50, R11=0x000000000279e5a0
R12=0x0000000000000000, R13=0x00000000023beb58, R14=0x00000000023bec00, R15=0x0000000001e3e800
RIP=0xffffffffa3695120, EFLAGS=0x0000000000010206

Top of Stack: (sp=0x00000000023beb48)
0x00000000023beb48:   0000000002697e00 0000000002697e00
0x00000000023beb58:   0000000000000065 00000000eafe2ac8
0x00000000023beb68:   00000000023beb68 0000000054713d2d
0x00000000023beb78:   00000000023bec00 0000000054715b68
0x00000000023beb88:   0000000000000000 0000000054713db0
0x00000000023beb98:   00000000023beb58 00000000023bebe0
0x00000000023beba8:   00000000023bec50 0000000002697e00
0x00000000023bebb8:   0000000000000065 0000000000000047
0x00000000023bebc8:   0000000000000001 00000000eafe2ac8
0x00000000023bebd8:   0000000000000088 47fffffe87ffffff
0x00000000023bebe8:   0000000000000000 2fffffd200000001
0x00000000023bebf8:   0000000000000000 00000000eafe28f8
0x00000000023bec08:   00000000eafe2a80 00000000023bec10
0x00000000023bec18:   000000005471256b 00000000023becb8
0x00000000023bec28:   0000000054715b68 0000000000000000
0x00000000023bec38:   00000000547125a8 00000000023bebe0 

Instructions: (pc=0xffffffffa3695120)
0xffffffffa3695100:   
[error occurred during error reporting (printing registers, top of stack, instructions near pc), id 0xc0000005]

Register to memory mapping:

RAX={method} {0x00000000544f1840} 'append' '(C)Ljava/lang/StringBuffer;' in 'java/lang/StringBuffer'
RBX={method} {0x00000000544f1840} 'append' '(C)Ljava/lang/StringBuffer;' in 'java/lang/StringBuffer'
RCX=0x00000000eafe2ac8 is an oop
java.lang.StringBuffer 
 - klass: 'java/lang/StringBuffer'
RDX=0x00000000eafe2ac8 is an oop
java.lang.StringBuffer 
 - klass: 'java/lang/StringBuffer'
RSP=0x00000000023beb48 is pointing into the stack for thread: 0x0000000001e3e800
RBP=0x00000000023beba8 is pointing into the stack for thread: 0x0000000001e3e800
RSI=0x00000000000001b0 is an unknown value
RDI=0x0000000000000d89 is an unknown value
R8 =0x0000000000000065 is an unknown value
R9 =0x47fffffe87ffffff is an unknown value
R10=0x00000000694f2b50 is an unknown value
R11=0x000000000279e5a0 is at entry_point+32 in (nmethod*)0x000000000279e3d0
R12=0x0000000000000000 is an unknown value
R13=0x00000000023beb58 is pointing into the stack for thread: 0x0000000001e3e800
R14=0x00000000023bec00 is pointing into the stack for thread: 0x0000000001e3e800
R15=0x0000000001e3e800 is a thread


Stack: [0x00000000022c0000,0x00000000023c0000],  sp=0x00000000023beb48,  free space=1018k
Native frames: (J=compiled Java code, j=interpreted, Vv=VM code, C=native code)
C  0xffffffffa3695120


---------------  P R O C E S S  ---------------

Java Threads: ( => current thread )
  0x00000000563a0000 JavaThread "Service Thread" daemon [_thread_blocked, id=9156, stack(0x0000000056eb0000,0x0000000056fb0000)]
  0x0000000054e7a000 JavaThread "C1 CompilerThread2" daemon [_thread_blocked, id=8924, stack(0x0000000056880000,0x0000000056980000)]
  0x0000000056329800 JavaThread "C2 CompilerThread1" daemon [_thread_blocked, id=7344, stack(0x0000000056cf0000,0x0000000056df0000)]
  0x0000000056322800 JavaThread "C2 CompilerThread0" daemon [_thread_blocked, id=1532, stack(0x0000000056b90000,0x0000000056c90000)]
  0x0000000054e73000 JavaThread "Attach Listener" daemon [_thread_blocked, id=6912, stack(0x00000000569a0000,0x0000000056aa0000)]
  0x0000000054e71800 JavaThread "Signal Dispatcher" daemon [_thread_blocked, id=2632, stack(0x0000000056760000,0x0000000056860000)]
  0x0000000054e5a000 JavaThread "Finalizer" daemon [_thread_blocked, id=6752, stack(0x0000000056220000,0x0000000056320000)]
  0x0000000054e13000 JavaThread "Reference Handler" daemon [_thread_blocked, id=2796, stack(0x0000000056120000,0x0000000056220000)]
=>0x0000000001e3e800 JavaThread "main" [_thread_in_Java, id=4056, stack(0x00000000022c0000,0x00000000023c0000)]

Other Threads:
  0x0000000054e0b000 VMThread [stack: 0x0000000055fb0000,0x00000000560b0000] [id=7240]
  0x00000000563a0800 WatcherThread [stack: 0x00000000570f0000,0x00000000571f0000] [id=7060]

VM state:not at safepoint (normal execution)

VM Mutex/Monitor currently owned by a thread: None

Heap:
 PSYoungGen      total 18944K, used 5268K [0x00000000eab00000, 0x00000000ec000000, 0x0000000100000000)
  eden space 16384K, 32% used [0x00000000eab00000,0x00000000eb025388,0x00000000ebb00000)
  from space 2560K, 0% used [0x00000000ebd80000,0x00000000ebd80000,0x00000000ec000000)
  to   space 2560K, 0% used [0x00000000ebb00000,0x00000000ebb00000,0x00000000ebd80000)
 ParOldGen       total 44032K, used 0K [0x00000000c0000000, 0x00000000c2b00000, 0x00000000eab00000)
  object space 44032K, 0% used [0x00000000c0000000,0x00000000c0000000,0x00000000c2b00000)
 Metaspace       used 3251K, capacity 4664K, committed 4864K, reserved 1056768K
  class space    used 349K, capacity 424K, committed 512K, reserved 1048576K

Card table byte_map: [0x0000000011a50000,0x0000000011c60000] byte_map_base: 0x0000000011450000

Marking Bits: (ParMarkBitMap*) 0x000000006950be50
 Begin Bits: [0x0000000012280000, 0x0000000013280000)
 End Bits:   [0x0000000013280000, 0x0000000014280000)

Polling page: 0x0000000000560000

CodeCache: size=245760Kb used=1374Kb max_used=1385Kb free=244385Kb
 bounds [0x0000000002690000, 0x0000000002900000, 0x0000000011690000]
 total_blobs=405 nmethods=166 adapters=154
 compilation: enabled

Compilation events (10 events):
Event: 0.335 Thread 0x0000000054e7a000 nmethod 160 0x00000000027e2250 code [0x00000000027e23a0, 0x00000000027e24b0]
Event: 0.337 Thread 0x0000000054e7a000  163  s    3       java.lang.StringBuffer::append (13 bytes)
Event: 0.338 Thread 0x0000000056329800  164       4       java.lang.String::indexOf (7 bytes)
Event: 0.338 Thread 0x0000000054e7a000 nmethod 163 0x00000000027e1490 code [0x00000000027e1600, 0x00000000027e1908]
Event: 0.338 Thread 0x0000000056322800 nmethod 157 0x00000000027e0b10 code [0x00000000027e0c60, 0x00000000027e11c8]
Event: 0.338 Thread 0x0000000056322800  165       4       java.net.URI$Parser::charAt (9 bytes)
Event: 0.339 Thread 0x0000000054e7a000  166       3       java.io.WinNTFileSystem::prefixLength (91 bytes)
Event: 0.339 Thread 0x0000000056322800 nmethod 165 0x00000000027eac50 code [0x00000000027eada0, 0x00000000027eae78]
Event: 0.340 Thread 0x0000000054e7a000 nmethod 166 0x00000000027e2e90 code [0x00000000027e3080, 0x00000000027e3be8]
Event: 0.341 Thread 0x0000000056329800 nmethod 164 0x00000000027eafd0 code [0x00000000027eb100, 0x00000000027eb258]

GC Heap History (0 events):
No events

Deoptimization events (1 events):
Event: 0.329 Thread 0x0000000001e3e800 Uncommon trap: reason=unstable_if action=reinterpret pc=0x00000000027e4714 method=java.lang.String.toLowerCase(Ljava/util/Locale;)Ljava/lang/String; @ 85

Classes redefined (0 events):
No events

Internal exceptions (8 events):
Event: 0.052 Thread 0x0000000001e3e800 Exception <a 'java/lang/NoSuchMethodError': Method sun.misc.Unsafe.defineClass(Ljava/lang/String;[BII)Ljava/lang/Class; name or signature does not match> (0x00000000eab07cb0) thrown at [C:\Users\jenkins\workspace\openjdk8_build_x86-64_windows\openjdk\hots
Event: 0.053 Thread 0x0000000001e3e800 Exception <a 'java/lang/NoSuchMethodError': Method sun.misc.Unsafe.prefetchRead(Ljava/lang/Object;J)V name or signature does not match> (0x00000000eab07f98) thrown at [C:\Users\jenkins\workspace\openjdk8_build_x86-64_windows\openjdk\hotspot\src\share\vm\p
Event: 0.333 Thread 0x0000000001e3e800 Exception <a 'java/security/PrivilegedActionException'> (0x00000000eafc9098) thrown at [C:\Users\jenkins\workspace\openjdk8_build_x86-64_windows\openjdk\hotspot\src\share\vm\prims\jvm.cpp, line 1435]
Event: 0.333 Thread 0x0000000001e3e800 Exception <a 'java/security/PrivilegedActionException'> (0x00000000eafc92a8) thrown at [C:\Users\jenkins\workspace\openjdk8_build_x86-64_windows\openjdk\hotspot\src\share\vm\prims\jvm.cpp, line 1435]
Event: 0.334 Thread 0x0000000001e3e800 Exception <a 'java/security/PrivilegedActionException'> (0x00000000eafcefe0) thrown at [C:\Users\jenkins\workspace\openjdk8_build_x86-64_windows\openjdk\hotspot\src\share\vm\prims\jvm.cpp, line 1435]
Event: 0.334 Thread 0x0000000001e3e800 Exception <a 'java/security/PrivilegedActionException'> (0x00000000eafcf1f0) thrown at [C:\Users\jenkins\workspace\openjdk8_build_x86-64_windows\openjdk\hotspot\src\share\vm\prims\jvm.cpp, line 1435]
Event: 0.334 Thread 0x0000000001e3e800 Exception <a 'java/security/PrivilegedActionException'> (0x00000000eafd1170) thrown at [C:\Users\jenkins\workspace\openjdk8_build_x86-64_windows\openjdk\hotspot\src\share\vm\prims\jvm.cpp, line 1435]
Event: 0.334 Thread 0x0000000001e3e800 Exception <a 'java/security/PrivilegedActionException'> (0x00000000eafd1380) thrown at [C:\Users\jenkins\workspace\openjdk8_build_x86-64_windows\openjdk\hotspot\src\share\vm\prims\jvm.cpp, line 1435]

Events (10 events):
Event: 0.329 Thread 0x0000000001e3e800 DEOPT PACKING pc=0x00000000027e4714 sp=0x00000000023bd3c0
Event: 0.329 Thread 0x0000000001e3e800 DEOPT UNPACKING pc=0x00000000026d557b sp=0x00000000023bd338 mode 2
Event: 0.333 loading class java/io/FileNotFoundException
Event: 0.333 loading class java/io/FileNotFoundException done
Event: 0.333 loading class java/security/PrivilegedActionException
Event: 0.333 loading class java/security/PrivilegedActionException done
Event: 0.335 loading class java/net/URLClassLoader$2
Event: 0.335 loading class java/net/URLClassLoader$2 done
Event: 0.335 loading class org/gradle/internal/classloader/VisitableURLClassLoader$Spec
Event: 0.335 loading class org/gradle/internal/classloader/VisitableURLClassLoader$Spec done


Dynamic libraries:
0x000000013f0c0000 - 0x000000013f0f5000 	C:\Program Files\Unity\Hub\Editor\2018.3.0f2\Editor\Data\PlaybackEngines\AndroidPlayer\Tools\OpenJDK\Windows\bin\java.exe
0x00000000778b0000 - 0x0000000077a4f000 	C:\Windows\SYSTEM32\ntdll.dll
0x0000000077790000 - 0x00000000778af000 	C:\Windows\system32\kernel32.dll
0x000007fefd500000 - 0x000007fefd56a000 	C:\Windows\system32\KERNELBASE.dll
0x000007fefe500000 - 0x000007fefe5db000 	C:\Windows\system32\ADVAPI32.dll
0x000007fefdff0000 - 0x000007fefe08f000 	C:\Windows\system32\msvcrt.dll
0x000007fefdea0000 - 0x000007fefdebf000 	C:\Windows\SYSTEM32\sechost.dll
0x000007fefdec0000 - 0x000007fefdfec000 	C:\Windows\system32\RPCRT4.dll
0x0000000077690000 - 0x000000007778a000 	C:\Windows\system32\USER32.dll
0x000007fefe0f0000 - 0x000007fefe157000 	C:\Windows\system32\GDI32.dll
0x000007feff640000 - 0x000007feff64e000 	C:\Windows\system32\LPK.dll
0x000007fefe430000 - 0x000007fefe4fb000 	C:\Windows\system32\USP10.dll
0x000007fefbcd0000 - 0x000007fefbec5000 	C:\Windows\WinSxS\amd64_microsoft.windows.common-controls_6595b64144ccf1df_6.0.7601.24380_none_e3731d0b30fb6b11\COMCTL32.dll
0x000007feffb10000 - 0x000007feffb81000 	C:\Windows\system32\SHLWAPI.dll
0x000007feff570000 - 0x000007feff59e000 	C:\Windows\system32\IMM32.DLL
0x000007feffa00000 - 0x000007feffb09000 	C:\Windows\system32\MSCTF.dll
0x000007fefd7a0000 - 0x000007fefd7a5000 	C:\Windows\system32\api-ms-win-downlevel-advapi32-l1-1-0.dll
0x000007fefd1b0000 - 0x000007fefd1d5000 	C:\Windows\system32\SspiCli.dll
0x0000000069590000 - 0x0000000069662000 	C:\Program Files\Unity\Hub\Editor\2018.3.0f2\Editor\Data\PlaybackEngines\AndroidPlayer\Tools\OpenJDK\Windows\jre\bin\msvcr100.dll
0x0000000068d40000 - 0x0000000069589000 	C:\Program Files\Unity\Hub\Editor\2018.3.0f2\Editor\Data\PlaybackEngines\AndroidPlayer\Tools\OpenJDK\Windows\jre\bin\server\jvm.dll
0x000007fef4610000 - 0x000007fef4619000 	C:\Windows\system32\WSOCK32.dll
0x000007fefdc70000 - 0x000007fefdcbd000 	C:\Windows\system32\WS2_32.dll
0x000007feffb90000 - 0x000007feffb98000 	C:\Windows\system32\NSI.dll
0x000007fefa760000 - 0x000007fefa79b000 	C:\Windows\system32\WINMM.dll
0x000007fefc4c0000 - 0x000007fefc4cc000 	C:\Windows\system32\VERSION.dll
0x0000000077a60000 - 0x0000000077a67000 	C:\Windows\system32\PSAPI.DLL
0x000007fef7a30000 - 0x000007fef7a3f000 	C:\Program Files\Unity\Hub\Editor\2018.3.0f2\Editor\Data\PlaybackEngines\AndroidPlayer\Tools\OpenJDK\Windows\jre\bin\verify.dll
0x000007fee28f0000 - 0x000007fee2919000 	C:\Program Files\Unity\Hub\Editor\2018.3.0f2\Editor\Data\PlaybackEngines\AndroidPlayer\Tools\OpenJDK\Windows\jre\bin\java.dll
0x000007fef4430000 - 0x000007fef4446000 	C:\Program Files\Unity\Hub\Editor\2018.3.0f2\Editor\Data\PlaybackEngines\AndroidPlayer\Tools\OpenJDK\Windows\jre\bin\zip.dll
0x000007fefe7e0000 - 0x000007feff56b000 	C:\Windows\system32\SHELL32.dll
0x000007fefe5e0000 - 0x000007fefe7df000 	C:\Windows\system32\ole32.dll
0x000007fefd400000 - 0x000007fefd40f000 	C:\Windows\system32\profapi.dll
0x000007fee6290000 - 0x000007fee63b5000 	C:\Windows\system32\dbghelp.dll

VM Arguments:
java_command: org.gradle.launcher.GradleMain -Dorg.gradle.jvmargs=-Xmx4096m --stop
java_class_path (initial): C:\Program Files\Unity\Hub\Editor\2018.3.0f2\Editor\Data\PlaybackEngines\AndroidPlayer\Tools\gradle\lib\gradle-launcher-4.6.jar
Launcher Type: SUN_STANDARD

Environment Variables:
JAVA_HOME=C:\Program Files\Unity\Hub\Editor\2018.3.0f2\Editor\Data\PlaybackEngines\AndroidPlayer/Tools\OpenJDK\Windows
PATH=C:\Program Files (x86)\NVIDIA Corporation\PhysX\Common;C:\Windows\system32;C:\Windows;C:\Windows\System32\Wbem;C:\Windows\System32\WindowsPowerShell\v1.0;C:\Users\koshman\Ruby\rubyinstaller-2.5.3-1-x64\bin;C:\Program Files\Git\cmd
USERNAME=koshman
OS=Windows_NT
PROCESSOR_IDENTIFIER=Intel64 Family 6 Model 15 Stepping 11, GenuineIntel



---------------  S Y S T E M  ---------------

OS: Windows 7 , 64 bit Build 7601 (6.1.7601.24408)

CPU:total 4 (initial active 4) (4 cores per cpu, 1 threads per core) family 6 model 15 stepping 11, cmov, cx8, fxsr, mmx, sse, sse2, sse3, ssse3, tsc

Memory: 4k page, physical 4191712k(984820k free), swap 8381524k(2919156k free)

vm_info: OpenJDK 64-Bit Server VM (25.71-b00) for windows-amd64 JRE (1.8.0-adoptopenjdk-_2018_05_19_00_59-b00), built on May 19 2018 01:02:12 by "jenkins" with MS VC++ 10.0 (VS2010)

time: Fri May 10 15:54:30 2019
elapsed time: 0 seconds (0d 0h 0m 0s)

