#
# A fatal error has been detected by the Java Runtime Environment:
#
#  EXCEPTION_ACCESS_VIOLATION (0xc0000005) at pc=0xffffffffa33c5120, pid=6328, tid=0x0000000000001538
#
# JRE version: OpenJDK Runtime Environment (8.0) (build 1.8.0-adoptopenjdk-_2018_05_19_00_59-b00)
# Java VM: OpenJDK 64-Bit Server VM (25.71-b00 mixed mode windows-amd64 compressed oops)
# Problematic frame:
# C  0xffffffffa33c5120
#
# Failed to write core dump. Minidumps are not enabled by default on client versions of Windows
#
# If you would like to submit a bug report, please visit:
#   http://bugreport.java.com/bugreport/crash.jsp
#

---------------  T H R E A D  ---------------

Current thread (0x000000000044e800):  JavaThread "main" [_thread_in_Java, id=5432, stack(0x0000000001ff0000,0x00000000020f0000)]

siginfo: ExceptionCode=0xc0000005, ExceptionInformation=0x0000000000000008 0xffffffffa33c5120

Registers:
RAX=0x0000000014240620, RBX=0x0000000000000000, RCX=0x0000000014240620, RDX=0x00000000eab91678
RSP=0x00000000020eb8d8, RBP=0x00000000020ebc28, RSI=0x00000000eadd7d88, RDI=0x0000000000000047
R8 =0x00000000eadd7ce8, R9 =0x0000000000000000, R10=0x0000000014240620, R11=0x00000000eab91678
R12=0x0000000000000000, R13=0x00000000eab91678, R14=0x0000000000000000, R15=0x000000000044e800
RIP=0xffffffffa33c5120, EFLAGS=0x0000000000010246

Top of Stack: (sp=0x00000000020eb8d8)
0x00000000020eb8d8:   00000000024fd9e4 00000000020ebb78
0x00000000020eb8e8:   00000000024fa02c ffffffff543ecf58
0x00000000020eb8f8:   00000000543cbc70 000048e5543ece78
0x00000000020eb908:   000000005441dc98 00000000544884d8
0x00000000020eb918:   000000000044e800 00000000020eba48
0x00000000020eb928:   0000000054215448 0000000000000000
0x00000000020eb938:   0000000000009d98 00000000eadd6cc0
0x00000000020eb948:   00000000020eb9f8 4141e1c000000000
0x00000000020eb958:   00000000023d6a83 0000000000000000
0x00000000020eb968:   00000000020eb980 00000000543ece38
0x00000000020eb978:   00000000020eb978 0000000054294030
0x00000000020eb988:   000000006515703a 00000000543c6710
0x00000000020eb998:   0000000b00000000 000048e502e6c5a6
0x00000000020eb9a8:   00000000024f642c 00000000000002d7
0x00000000020eb9b8:   0000000000000000 0000000000000000
0x00000000020eb9c8:   0000000000000047 00000000eab91658 

Instructions: (pc=0xffffffffa33c5120)
0xffffffffa33c5100:   
[error occurred during error reporting (printing registers, top of stack, instructions near pc), id 0xc0000005]

Register to memory mapping:

RAX=0x0000000014240620 is pointing into metadata
RBX=0x0000000000000000 is an unknown value
RCX=0x0000000014240620 is pointing into metadata
RDX=0x00000000eab91678 is an oop
sun.nio.cs.UTF_8$Encoder 
 - klass: 'sun/nio/cs/UTF_8$Encoder'
RSP=0x00000000020eb8d8 is pointing into the stack for thread: 0x000000000044e800
RBP=0x00000000020ebc28 is pointing into the stack for thread: 0x000000000044e800
RSI=0x00000000eadd7d88 is an oop
[B 
 - klass: {type array byte}
 - length: 213
RDI=0x0000000000000047 is an unknown value
R8 =0x00000000eadd7ce8 is an oop
[C 
 - klass: {type array char}
 - length: 71
R9 =0x0000000000000000 is an unknown value
R10=0x0000000014240620 is pointing into metadata
R11=0x00000000eab91678 is an oop
sun.nio.cs.UTF_8$Encoder 
 - klass: 'sun/nio/cs/UTF_8$Encoder'
R12=0x0000000000000000 is an unknown value
R13=0x00000000eab91678 is an oop
sun.nio.cs.UTF_8$Encoder 
 - klass: 'sun/nio/cs/UTF_8$Encoder'
R14=0x0000000000000000 is an unknown value
R15=0x000000000044e800 is a thread


Stack: [0x0000000001ff0000,0x00000000020f0000],  sp=0x00000000020eb8d8,  free space=1006k
Native frames: (J=compiled Java code, j=interpreted, Vv=VM code, C=native code)
C  0xffffffffa33c5120


---------------  P R O C E S S  ---------------

Java Threads: ( => current thread )
  0x000000005605b000 JavaThread "Service Thread" daemon [_thread_blocked, id=3024, stack(0x0000000056eb0000,0x0000000056fb0000)]
  0x0000000054bfa800 JavaThread "C1 CompilerThread2" daemon [_thread_blocked, id=9396, stack(0x0000000056cc0000,0x0000000056dc0000)]
  0x0000000055fda000 JavaThread "C2 CompilerThread1" daemon [_thread_blocked, id=7512, stack(0x0000000056ad0000,0x0000000056bd0000)]
  0x0000000055fd4800 JavaThread "C2 CompilerThread0" daemon [_thread_blocked, id=5168, stack(0x0000000056830000,0x0000000056930000)]
  0x0000000055fd3000 JavaThread "Attach Listener" daemon [_thread_blocked, id=8356, stack(0x0000000056700000,0x0000000056800000)]
  0x0000000055fd0800 JavaThread "Signal Dispatcher" daemon [_thread_blocked, id=7080, stack(0x0000000056510000,0x0000000056610000)]
  0x0000000054bdd800 JavaThread "Finalizer" daemon [_thread_blocked, id=6252, stack(0x0000000055c20000,0x0000000055d20000)]
  0x0000000054b94800 JavaThread "Reference Handler" daemon [_thread_blocked, id=1128, stack(0x0000000055ed0000,0x0000000055fd0000)]
=>0x000000000044e800 JavaThread "main" [_thread_in_Java, id=5432, stack(0x0000000001ff0000,0x00000000020f0000)]

Other Threads:
  0x0000000054b8c800 VMThread [stack: 0x0000000055dd0000,0x0000000055ed0000] [id=5032]
  0x0000000056060000 WatcherThread [stack: 0x0000000056980000,0x0000000056a80000] [id=7344]

VM state:not at safepoint (normal execution)

VM Mutex/Monitor currently owned by a thread: None

Heap:
 PSYoungGen      total 18944K, used 3077K [0x00000000eab00000, 0x00000000ec000000, 0x0000000100000000)
  eden space 16384K, 18% used [0x00000000eab00000,0x00000000eae01468,0x00000000ebb00000)
  from space 2560K, 0% used [0x00000000ebd80000,0x00000000ebd80000,0x00000000ec000000)
  to   space 2560K, 0% used [0x00000000ebb00000,0x00000000ebb00000,0x00000000ebd80000)
 ParOldGen       total 44032K, used 0K [0x00000000c0000000, 0x00000000c2b00000, 0x00000000eab00000)
  object space 44032K, 0% used [0x00000000c0000000,0x00000000c0000000,0x00000000c2b00000)
 Metaspace       used 3697K, capacity 4780K, committed 5120K, reserved 1056768K
  class space    used 402K, capacity 424K, committed 512K, reserved 1048576K

Card table byte_map: [0x0000000011780000,0x0000000011990000] byte_map_base: 0x0000000011180000

Marking Bits: (ParMarkBitMap*) 0x000000006580be50
 Begin Bits: [0x0000000012000000, 0x0000000013000000)
 End Bits:   [0x0000000013000000, 0x0000000014000000)

Polling page: 0x0000000001da0000

CodeCache: size=245760Kb used=1364Kb max_used=1376Kb free=244395Kb
 bounds [0x00000000023c0000, 0x0000000002630000, 0x00000000113c0000]
 total_blobs=405 nmethods=157 adapters=163
 compilation: enabled

Compilation events (10 events):
Event: 0.239 Thread 0x0000000054bfa800 nmethod 153 0x0000000002513c90 code [0x0000000002513de0, 0x0000000002513fb0]
Event: 0.239 Thread 0x0000000054bfa800  154       3       java.util.regex.Pattern$BmpCharProperty::match (50 bytes)
Event: 0.240 Thread 0x0000000054bfa800 nmethod 154 0x0000000002514010 code [0x00000000025141a0, 0x0000000002514648]
Event: 0.240 Thread 0x0000000054bfa800  155       3       java.util.regex.Pattern$Single::isSatisfiedBy (14 bytes)
Event: 0.240 Thread 0x0000000054bfa800 nmethod 155 0x00000000025147d0 code [0x0000000002514920, 0x0000000002514ad0]
Event: 0.240 Thread 0x0000000054bfa800  156       3       java.lang.String::indexOf (25 bytes)
Event: 0.240 Thread 0x0000000054bfa800 nmethod 156 0x0000000002514b50 code [0x0000000002514cc0, 0x0000000002514e68]
Event: 0.241 Thread 0x0000000054bfa800  157       3       java.util.concurrent.ConcurrentHashMap::putIfAbsent (8 bytes)
Event: 0.241 Thread 0x0000000054bfa800 nmethod 157 0x0000000002514f90 code [0x0000000002515100, 0x0000000002515308]
Event: 0.242 Thread 0x0000000055fda000 nmethod 151 0x00000000025181d0 code [0x0000000002518320, 0x0000000002518558]

GC Heap History (0 events):
No events

Deoptimization events (0 events):
No events

Classes redefined (0 events):
No events

Internal exceptions (10 events):
Event: 0.238 Thread 0x000000000044e800 Exception <a 'java/security/PrivilegedActionException'> (0x00000000eadb3288) thrown at [C:\Users\jenkins\workspace\openjdk8_build_x86-64_windows\openjdk\hotspot\src\share\vm\prims\jvm.cpp, line 1435]
Event: 0.238 Thread 0x000000000044e800 Exception <a 'java/security/PrivilegedActionException'> (0x00000000eadb3498) thrown at [C:\Users\jenkins\workspace\openjdk8_build_x86-64_windows\openjdk\hotspot\src\share\vm\prims\jvm.cpp, line 1435]
Event: 0.238 Thread 0x000000000044e800 Exception <a 'java/security/PrivilegedActionException'> (0x00000000eadb4400) thrown at [C:\Users\jenkins\workspace\openjdk8_build_x86-64_windows\openjdk\hotspot\src\share\vm\prims\jvm.cpp, line 1435]
Event: 0.238 Thread 0x000000000044e800 Exception <a 'java/security/PrivilegedActionException'> (0x00000000eadb4610) thrown at [C:\Users\jenkins\workspace\openjdk8_build_x86-64_windows\openjdk\hotspot\src\share\vm\prims\jvm.cpp, line 1435]
Event: 0.239 Thread 0x000000000044e800 Exception <a 'java/security/PrivilegedActionException'> (0x00000000eadb5608) thrown at [C:\Users\jenkins\workspace\openjdk8_build_x86-64_windows\openjdk\hotspot\src\share\vm\prims\jvm.cpp, line 1435]
Event: 0.239 Thread 0x000000000044e800 Exception <a 'java/security/PrivilegedActionException'> (0x00000000eadb5818) thrown at [C:\Users\jenkins\workspace\openjdk8_build_x86-64_windows\openjdk\hotspot\src\share\vm\prims\jvm.cpp, line 1435]
Event: 0.239 Thread 0x000000000044e800 Exception <a 'java/security/PrivilegedActionException'> (0x00000000eadb6eb8) thrown at [C:\Users\jenkins\workspace\openjdk8_build_x86-64_windows\openjdk\hotspot\src\share\vm\prims\jvm.cpp, line 1435]
Event: 0.239 Thread 0x000000000044e800 Exception <a 'java/security/PrivilegedActionException'> (0x00000000eadb70c8) thrown at [C:\Users\jenkins\workspace\openjdk8_build_x86-64_windows\openjdk\hotspot\src\share\vm\prims\jvm.cpp, line 1435]
Event: 0.239 Thread 0x000000000044e800 Exception <a 'java/security/PrivilegedActionException'> (0x00000000eadb8290) thrown at [C:\Users\jenkins\workspace\openjdk8_build_x86-64_windows\openjdk\hotspot\src\share\vm\prims\jvm.cpp, line 1435]
Event: 0.239 Thread 0x000000000044e800 Exception <a 'java/security/PrivilegedActionException'> (0x00000000eadb84a0) thrown at [C:\Users\jenkins\workspace\openjdk8_build_x86-64_windows\openjdk\hotspot\src\share\vm\prims\jvm.cpp, line 1435]

Events (10 events):
Event: 0.240 loading class com/android/sdklib/repository/meta/RepoFactory
Event: 0.240 loading class com/android/sdklib/repository/meta/RepoFactory done
Event: 0.241 loading class com/android/sdklib/repository/meta/DetailsTypes$PlatformDetailsType
Event: 0.241 loading class com/android/sdklib/repository/meta/DetailsTypes$PlatformDetailsType done
Event: 0.241 loading class com/android/sdklib/repository/meta/DetailsTypes$PlatformDetailsType$LayoutlibType
Event: 0.241 loading class com/android/sdklib/repository/meta/DetailsTypes$PlatformDetailsType$LayoutlibType done
Event: 0.241 loading class com/android/sdklib/repository/generated/repository/v1/LayoutlibType
Event: 0.241 loading class com/android/sdklib/repository/generated/repository/v1/LayoutlibType done
Event: 0.242 loading class com/android/sdklib/repository/meta/DetailsTypes$SourceDetailsType
Event: 0.242 loading class com/android/sdklib/repository/meta/DetailsTypes$SourceDetailsType done


Dynamic libraries:
0x000000013f6f0000 - 0x000000013f725000 	C:\Program Files\Unity\Hub\Editor\2018.3.0f2\Editor\Data\PlaybackEngines\AndroidPlayer\Tools\OpenJDK\Windows\bin\java.exe
0x0000000077550000 - 0x00000000776ef000 	C:\Windows\SYSTEM32\ntdll.dll
0x0000000077330000 - 0x000000007744f000 	C:\Windows\system32\kernel32.dll
0x000007fefd300000 - 0x000007fefd367000 	C:\Windows\system32\KERNELBASE.dll
0x000007fefd9a0000 - 0x000007fefda7b000 	C:\Windows\system32\ADVAPI32.dll
0x000007feff0b0000 - 0x000007feff14f000 	C:\Windows\system32\msvcrt.dll
0x000007fefd800000 - 0x000007fefd81f000 	C:\Windows\SYSTEM32\sechost.dll
0x000007fefd5b0000 - 0x000007fefd6dc000 	C:\Windows\system32\RPCRT4.dll
0x0000000077450000 - 0x000000007754a000 	C:\Windows\system32\USER32.dll
0x000007fefee60000 - 0x000007fefeec7000 	C:\Windows\system32\GDI32.dll
0x000007feff830000 - 0x000007feff83e000 	C:\Windows\system32\LPK.dll
0x000007fefe8e0000 - 0x000007fefe9ab000 	C:\Windows\system32\USP10.dll
0x000007fefb970000 - 0x000007fefbb65000 	C:\Windows\WinSxS\amd64_microsoft.windows.common-controls_6595b64144ccf1df_6.0.7601.24483_none_e372d88f30fbb845\COMCTL32.dll
0x000007feff150000 - 0x000007feff1c1000 	C:\Windows\system32\SHLWAPI.dll
0x000007fefe8b0000 - 0x000007fefe8de000 	C:\Windows\system32\IMM32.DLL
0x000007fefd880000 - 0x000007fefd989000 	C:\Windows\system32\MSCTF.dll
0x000007fefd240000 - 0x000007fefd245000 	C:\Windows\system32\api-ms-win-downlevel-advapi32-l1-1-0.dll
0x000007fefce70000 - 0x000007fefce95000 	C:\Windows\system32\SspiCli.dll
0x000000006fa80000 - 0x000000006fb52000 	C:\Program Files\Unity\Hub\Editor\2018.3.0f2\Editor\Data\PlaybackEngines\AndroidPlayer\Tools\OpenJDK\Windows\jre\bin\msvcr100.dll
0x0000000065040000 - 0x0000000065889000 	C:\Program Files\Unity\Hub\Editor\2018.3.0f2\Editor\Data\PlaybackEngines\AndroidPlayer\Tools\OpenJDK\Windows\jre\bin\server\jvm.dll
0x000007fee4a20000 - 0x000007fee4a29000 	C:\Windows\system32\WSOCK32.dll
0x000007fefd460000 - 0x000007fefd4ad000 	C:\Windows\system32\WS2_32.dll
0x000007fefd990000 - 0x000007fefd998000 	C:\Windows\system32\NSI.dll
0x000007fef7ed0000 - 0x000007fef7f0b000 	C:\Windows\system32\WINMM.dll
0x000007fefc160000 - 0x000007fefc16c000 	C:\Windows\system32\VERSION.dll
0x00000000776f0000 - 0x00000000776f7000 	C:\Windows\system32\PSAPI.DLL
0x000007fefaf50000 - 0x000007fefaf5f000 	C:\Program Files\Unity\Hub\Editor\2018.3.0f2\Editor\Data\PlaybackEngines\AndroidPlayer\Tools\OpenJDK\Windows\jre\bin\verify.dll
0x000007fefa010000 - 0x000007fefa039000 	C:\Program Files\Unity\Hub\Editor\2018.3.0f2\Editor\Data\PlaybackEngines\AndroidPlayer\Tools\OpenJDK\Windows\jre\bin\java.dll
0x000007fefa150000 - 0x000007fefa166000 	C:\Program Files\Unity\Hub\Editor\2018.3.0f2\Editor\Data\PlaybackEngines\AndroidPlayer\Tools\OpenJDK\Windows\jre\bin\zip.dll
0x000007fefdb20000 - 0x000007fefe8ab000 	C:\Windows\system32\SHELL32.dll
0x000007feff4a0000 - 0x000007feff69f000 	C:\Windows\system32\ole32.dll
0x000007fefd0b0000 - 0x000007fefd0bf000 	C:\Windows\system32\profapi.dll
0x000007feea7a0000 - 0x000007feea8c5000 	C:\Windows\system32\dbghelp.dll

VM Arguments:
jvm_args: -Dcom.android.sdkmanager.toolsdir=C:\Users\koshman\AppData\Local\Android\Sdk\tools\bin\\.. 
java_command: com.android.sdklib.tool.AvdManagerCli list target -c
java_class_path (initial): C:\Users\koshman\AppData\Local\Android\Sdk\tools\bin\..\lib\dvlib-26.0.0-dev.jar;C:\Users\koshman\AppData\Local\Android\Sdk\tools\bin\..\lib\jimfs-1.1.jar;C:\Users\koshman\AppData\Local\Android\Sdk\tools\bin\..\lib\jsr305-1.3.9.jar;C:\Users\koshman\AppData\Local\Android\Sdk\tools\bin\..\lib\repository-26.0.0-dev.jar;C:\Users\koshman\AppData\Local\Android\Sdk\tools\bin\..\lib\j2objc-annotations-1.1.jar;C:\Users\koshman\AppData\Local\Android\Sdk\tools\bin\..\lib\layoutlib-api-26.0.0-dev.jar;C:\Users\koshman\AppData\Local\Android\Sdk\tools\bin\..\lib\gson-2.3.jar;C:\Users\koshman\AppData\Local\Android\Sdk\tools\bin\..\lib\httpcore-4.2.5.jar;C:\Users\koshman\AppData\Local\Android\Sdk\tools\bin\..\lib\commons-logging-1.1.1.jar;C:\Users\koshman\AppData\Local\Android\Sdk\tools\bin\..\lib\commons-compress-1.12.jar;C:\Users\koshman\AppData\Local\Android\Sdk\tools\bin\..\lib\annotations-26.0.0-dev.jar;C:\Users\koshman\AppData\Local\Android\Sdk\tools\bin\..\lib\error_prone_annotations-2.0.18.jar;C:\Users\koshman\AppData\Local\Android\Sdk\tools\bin\..\lib\animal-sniffer-annotations-1.14.jar;C:\Users\koshman\AppData\Local\Android\Sdk\tools\bin\..\lib\httpclient-4.2.6.jar;C:\Users\koshman\AppData\Local\Android\Sdk\tools\bin\..\lib\commons-codec-1.6.jar;C:\Users\koshman\AppData\Local\Android\Sdk\tools\bin\..\lib\common-26.0.0-dev.jar;C:\Users\koshman\AppData\Local\Android\Sdk\tools\bin\..\lib\kxml2-2.3.0.jar;C:\Users\koshman\AppData\Local\Android\Sdk\tools\bin\..\lib\httpmime-4.1.jar;C:\Users\koshman\AppData\Local\Android\Sdk\tools\bin\..\lib\annotations-12.0.jar;C:\Users\koshman\AppData\Local\Android\Sdk\tools\bin\..\lib\sdklib-26.0.0-dev.jar;C:\Users\koshman\AppData\Local\Android\Sdk\tools\bin\..\lib\guava-22.0.jar
Launcher Type: SUN_STANDARD

Environment Variables:
JAVA_HOME=C:\Program Files\Unity\Hub\Editor\2018.3.0f2\Editor\Data\PlaybackEngines\AndroidPlayer/Tools\OpenJDK\Windows
CLASSPATH=C:\Users\koshman\AppData\Local\Android\Sdk\tools\bin\..\lib\dvlib-26.0.0-dev.jar;C:\Users\koshman\AppData\Local\Android\Sdk\tools\bin\..\lib\jimfs-1.1.jar;C:\Users\koshman\AppData\Local\Android\Sdk\tools\bin\..\lib\jsr305-1.3.9.jar;C:\Users\koshman\AppData\Local\Android\Sdk\tools\bin\..\lib\repository-26.0.0-dev.jar;C:\Users\koshman\AppData\Local\Android\Sdk\tools\bin\..\lib\j2objc-annotations-1.1.jar;C:\Users\koshman\AppData\Local\Android\Sdk\tools\bin\..\lib\layoutlib-api-26.0.0-dev.jar;C:\Users\koshman\AppData\Local\Android\Sdk\tools\bin\..\lib\gson-2.3.jar;C:\Users\koshman\AppData\Local\Android\Sdk\tools\bin\..\lib\httpcore-4.2.5.jar;C:\Users\koshman\AppData\Local\Android\Sdk\tools\bin\..\lib\commons-logging-1.1.1.jar;C:\Users\koshman\AppData\Local\Android\Sdk\tools\bin\..\lib\commons-compress-1.12.jar;C:\Users\koshman\AppData\Local\Android\Sdk\tools\bin\..\lib\annotations-26.0.0-dev.jar;C:\Users\koshman\AppData\Local\Android\Sdk\tools\bin\..\lib\error_prone_annotations-2.0.18.jar;C:\Users\koshman\AppData\Local\Android\Sdk\tools\bin\..\lib\animal-sniffer-annotations-1.14.jar;C:\Users\koshman\AppData\Local\Android\Sdk\tools\bin\..\lib\httpclient-4.2.6.jar;C:\Users\koshman\AppData\Local\Android\Sdk\tools\bin\..\lib\commons-codec-1.6.jar;C:\Users\koshman\AppData\Local\Android\Sdk\tools\bin\..\lib\common-26.0.0-dev.jar;C:\Users\koshman\AppData\Local\Android\Sdk\tools\bin\..\lib\kxml2-2.3.0.jar;C:\Users\koshman\AppData\Local\Android\Sdk\tools\bin\..\lib\httpmime-4.1.jar;C:\Users\koshman\AppData\Local\Android\Sdk\tools\bin\..\lib\annotations-12.0.jar;C:\Users\koshman\AppData\Local\Android\Sdk\tools\bin\..\lib\sdklib-26.0.0-dev.jar;C:\Users\koshman\AppData\Local\Android\Sdk\tools\bin\..\lib\guava-22.0.jar
PATH=C:\Program Files (x86)\NVIDIA Corporation\PhysX\Common;C:\Windows\system32;C:\Windows;C:\Windows\System32\Wbem;C:\Windows\System32\WindowsPowerShell\v1.0;C:\Users\koshman\Ruby\rubyinstaller-2.5.3-1-x64\bin;C:\Program Files\Git\cmd
USERNAME=koshman
OS=Windows_NT
PROCESSOR_IDENTIFIER=Intel64 Family 6 Model 15 Stepping 11, GenuineIntel



---------------  S Y S T E M  ---------------

OS: Windows 7 , 64 bit Build 7601 (6.1.7601.24499)

CPU:total 4 (initial active 4) (4 cores per cpu, 1 threads per core) family 6 model 15 stepping 11, cmov, cx8, fxsr, mmx, sse, sse2, sse3, ssse3, tsc

Memory: 4k page, physical 4191712k(1102368k free), swap 8381524k(3727352k free)

vm_info: OpenJDK 64-Bit Server VM (25.71-b00) for windows-amd64 JRE (1.8.0-adoptopenjdk-_2018_05_19_00_59-b00), built on May 19 2018 01:02:12 by "jenkins" with MS VC++ 10.0 (VS2010)

time: Mon Aug 05 15:35:13 2019
elapsed time: 0 seconds (0d 0h 0m 0s)

