#
# A fatal error has been detected by the Java Runtime Environment:
#
#  EXCEPTION_ACCESS_VIOLATION (0xc0000005) at pc=0xffffffffa9305120, pid=5636, tid=0x00000000000013dc
#
# JRE version: OpenJDK Runtime Environment (8.0) (build 1.8.0-adoptopenjdk-_2018_05_19_00_59-b00)
# Java VM: OpenJDK 64-Bit Server VM (25.71-b00 mixed mode windows-amd64 compressed oops)
# Problematic frame:
# C  0xffffffffa9305120
#
# Failed to write core dump. Minidumps are not enabled by default on client versions of Windows
#
# If you would like to submit a bug report, please visit:
#   http://bugreport.java.com/bugreport/crash.jsp
#

---------------  T H R E A D  ---------------

Current thread (0x000000000210e800):  JavaThread "main" [_thread_in_Java, id=5084, stack(0x00000000024a0000,0x00000000025a0000)]

siginfo: ExceptionCode=0xc0000005, ExceptionInformation=0x0000000000000008 0xffffffffa9305120

Registers:
RAX=0x000000001731b208, RBX=0x00000000056dc650, RCX=0x0000000000000001, RDX=0x00000000eb1c06c8
RSP=0x000000000259e268, RBP=0x000000000259e410, RSI=0x000000000588e4c8, RDI=0x0000000000000afc
R8 =0x0000000000000001, R9 =0x00000000000003f0, R10=0x00000000eb1c1768, R11=0x0000000000000000
R12=0x0000000000000000, R13=0x0000000000000128, R14=0x0000000000000d13, R15=0x000000000210e800
RIP=0xffffffffa9305120, EFLAGS=0x0000000000010202

Top of Stack: (sp=0x000000000259e268)
0x000000000259e268:   0000000008439f94 0000000000000000
0x000000000259e278:   0000000005946b40 0000000000000000
0x000000000259e288:   000000000259e2a8 000000000259e2f8
0x000000000259e298:   0000000008308071 00000000eb1bc750
0x000000000259e2a8:   00000000eb1bc6c0 0000000000000063
0x000000000259e2b8:   00000000eb1c06c8 00000000ebb9c780
0x000000000259e2c8:   00000000eb1c16f8 0000001000000001
0x000000000259e2d8:   00000000eb1c1208 0000000005967338
0x000000000259e2e8:   0000000000000000 0000000000000000
0x000000000259e2f8:   00000000eb1c1058 00000000eb1c1720
0x000000000259e308:   0000000000000010 000000000259e410
0x000000000259e318:   000000000843b59c 000000000259e370
0x000000000259e328:   0000000005946e58 0000000000000000
0x000000000259e338:   0000000005946ce0 0000000000000000
0x000000000259e348:   000000000259e370 000000000259e3b8
0x000000000259e358:   0000000008307e00 00000000eb1bc7c0 

Instructions: (pc=0xffffffffa9305120)
0xffffffffa9305100:   
[error occurred during error reporting (printing registers, top of stack, instructions near pc), id 0xc0000005]

Register to memory mapping:

RAX=0x000000001731b208 is pointing into metadata
RBX={method} {0x00000000056dc658} 'afterNodeInsertion' '(Z)V' in 'java/util/HashMap'
RCX=0x0000000000000001 is an unknown value
RDX=0x00000000eb1c06c8 is an oop
java.util.HashMap 
 - klass: 'java/util/HashMap'
RSP=0x000000000259e268 is pointing into the stack for thread: 0x000000000210e800
RBP=0x000000000259e410 is pointing into the stack for thread: 0x000000000210e800
RSI=0x000000000588e4c8 is pointing into metadata
RDI=0x0000000000000afc is an unknown value
R8 =0x0000000000000001 is an unknown value
R9 =0x00000000000003f0 is an unknown value
R10=0x00000000eb1c1768 is an oop
java.util.HashMap$Node 
 - klass: 'java/util/HashMap$Node'
R11=0x0000000000000000 is an unknown value
R12=0x0000000000000000 is an unknown value
R13=0x0000000000000128 is an unknown value
R14=0x0000000000000d13 is an unknown value
R15=0x000000000210e800 is a thread


Stack: [0x00000000024a0000,0x00000000025a0000],  sp=0x000000000259e268,  free space=1016k
Native frames: (J=compiled Java code, j=interpreted, Vv=VM code, C=native code)
C  0xffffffffa9305120


---------------  P R O C E S S  ---------------

Java Threads: ( => current thread )
  0x0000000057f07800 JavaThread "pool-1-thread-1" [_thread_in_vm, id=6664, stack(0x00000000583e0000,0x00000000584e0000)]
  0x0000000057384800 JavaThread "Service Thread" daemon [_thread_blocked, id=2536, stack(0x00000000579b0000,0x0000000057ab0000)]
  0x0000000057307800 JavaThread "C1 CompilerThread2" daemon [_thread_blocked, id=6348, stack(0x00000000577b0000,0x00000000578b0000)]
  0x0000000005fe6800 JavaThread "C2 CompilerThread1" daemon [_thread_blocked, id=8380, stack(0x0000000007910000,0x0000000007a10000)]
  0x0000000005fde800 JavaThread "C2 CompilerThread0" daemon [_thread_in_native, id=7556, stack(0x00000000077d0000,0x00000000078d0000)]
  0x0000000005fed000 JavaThread "Attach Listener" daemon [_thread_blocked, id=8424, stack(0x0000000007550000,0x0000000007650000)]
  0x0000000005feb800 JavaThread "Signal Dispatcher" daemon [_thread_blocked, id=908, stack(0x0000000007400000,0x0000000007500000)]
  0x0000000005fca000 JavaThread "Finalizer" daemon [_thread_blocked, id=4400, stack(0x00000000072e0000,0x00000000073e0000)]
  0x0000000005f83000 JavaThread "Reference Handler" daemon [_thread_blocked, id=9112, stack(0x0000000007160000,0x0000000007260000)]
=>0x000000000210e800 JavaThread "main" [_thread_in_Java, id=5084, stack(0x00000000024a0000,0x00000000025a0000)]

Other Threads:
  0x0000000005f7b000 VMThread [stack: 0x0000000006f00000,0x0000000007000000] [id=8608]
  0x0000000057395800 WatcherThread [stack: 0x0000000057ac0000,0x0000000057bc0000] [id=8720]

VM state:not at safepoint (normal execution)

VM Mutex/Monitor currently owned by a thread: None

Heap:
 PSYoungGen      total 18944K, used 10000K [0x00000000eab00000, 0x00000000ec000000, 0x0000000100000000)
  eden space 16384K, 45% used [0x00000000eab00000,0x00000000eb24aff8,0x00000000ebb00000)
  from space 2560K, 98% used [0x00000000ebb00000,0x00000000ebd79388,0x00000000ebd80000)
  to   space 2560K, 0% used [0x00000000ebd80000,0x00000000ebd80000,0x00000000ec000000)
 ParOldGen       total 44032K, used 215K [0x00000000c0000000, 0x00000000c2b00000, 0x00000000eab00000)
  object space 44032K, 0% used [0x00000000c0000000,0x00000000c0035da0,0x00000000c2b00000)
 Metaspace       used 7313K, capacity 7518K, committed 7808K, reserved 1056768K
  class space    used 964K, capacity 1061K, committed 1152K, reserved 1048576K

Card table byte_map: [0x0000000002c30000,0x0000000002e40000] byte_map_base: 0x0000000002630000

Marking Bits: (ParMarkBitMap*) 0x000000000827be50
 Begin Bits: [0x00000000033f0000, 0x00000000043f0000)
 End Bits:   [0x00000000043f0000, 0x00000000053f0000)

Polling page: 0x0000000000360000

CodeCache: size=245760Kb used=2597Kb max_used=2597Kb free=243162Kb
 bounds [0x0000000008300000, 0x0000000008590000, 0x0000000017300000]
 total_blobs=955 nmethods=659 adapters=211
 compilation: enabled

Compilation events (10 events):
Event: 0.912 Thread 0x0000000057307800 nmethod 653 0x0000000008588610 code [0x00000000085887e0, 0x0000000008588dd8]
Event: 0.912 Thread 0x0000000057307800  654       3       java.util.AbstractList$Itr::checkForComodification (23 bytes)
Event: 0.912 Thread 0x0000000057307800 nmethod 654 0x000000000857ff10 code [0x0000000008580080, 0x00000000085802a8]
Event: 0.912 Thread 0x0000000057307800  656       3       java.util.regex.Pattern$5::isSatisfiedBy (28 bytes)
Event: 0.912 Thread 0x0000000057307800 nmethod 656 0x0000000008588010 code [0x00000000085881a0, 0x0000000008588518]
Event: 0.912 Thread 0x0000000057307800  652       3       java.util.regex.Pattern$Ctype::isSatisfiedBy (24 bytes)
Event: 0.913 Thread 0x0000000057307800 nmethod 652 0x0000000008587990 code [0x0000000008587b00, 0x0000000008587e90]
Event: 0.913 Thread 0x0000000057307800  658       1       java.util.HashMap::afterNodeInsertion (1 bytes)
Event: 0.913 Thread 0x0000000057307800 nmethod 658 0x00000000085876d0 code [0x0000000008587820, 0x0000000008587930]
Event: 0.913 Thread 0x0000000057307800  659       3       java.util.HashMap$HashIterator::nextNode (100 bytes)

GC Heap History (2 events):
Event: 0.755 GC heap before
{Heap before GC invocations=1 (full 0):
 PSYoungGen      total 18944K, used 16384K [0x00000000eab00000, 0x00000000ec000000, 0x0000000100000000)
  eden space 16384K, 100% used [0x00000000eab00000,0x00000000ebb00000,0x00000000ebb00000)
  from space 2560K, 0% used [0x00000000ebd80000,0x00000000ebd80000,0x00000000ec000000)
  to   space 2560K, 0% used [0x00000000ebb00000,0x00000000ebb00000,0x00000000ebd80000)
 ParOldGen       total 44032K, used 0K [0x00000000c0000000, 0x00000000c2b00000, 0x00000000eab00000)
  object space 44032K, 0% used [0x00000000c0000000,0x00000000c0000000,0x00000000c2b00000)
 Metaspace       used 5921K, capacity 6024K, committed 6272K, reserved 1056768K
  class space    used 746K, capacity 780K, committed 896K, reserved 1048576K
Event: 0.761 GC heap after
Heap after GC invocations=1 (full 0):
 PSYoungGen      total 18944K, used 2532K [0x00000000eab00000, 0x00000000ec000000, 0x0000000100000000)
  eden space 16384K, 0% used [0x00000000eab00000,0x00000000eab00000,0x00000000ebb00000)
  from space 2560K, 98% used [0x00000000ebb00000,0x00000000ebd79388,0x00000000ebd80000)
  to   space 2560K, 0% used [0x00000000ebd80000,0x00000000ebd80000,0x00000000ec000000)
 ParOldGen       total 44032K, used 215K [0x00000000c0000000, 0x00000000c2b00000, 0x00000000eab00000)
  object space 44032K, 0% used [0x00000000c0000000,0x00000000c0035da0,0x00000000c2b00000)
 Metaspace       used 5921K, capacity 6024K, committed 6272K, reserved 1056768K
  class space    used 746K, capacity 780K, committed 896K, reserved 1048576K
}

Deoptimization events (1 events):
Event: 0.332 Thread 0x000000000210e800 Uncommon trap: reason=unstable_if action=reinterpret pc=0x0000000008453914 method=java.lang.String.toLowerCase(Ljava/util/Locale;)Ljava/lang/String; @ 85

Classes redefined (0 events):
No events

Internal exceptions (10 events):
Event: 0.338 Thread 0x000000000210e800 Exception <a 'java/security/PrivilegedActionException'> (0x00000000eafcf388) thrown at [C:\Users\jenkins\workspace\openjdk8_build_x86-64_windows\openjdk\hotspot\src\share\vm\prims\jvm.cpp, line 1435]
Event: 0.339 Thread 0x000000000210e800 Exception <a 'java/security/PrivilegedActionException'> (0x00000000eafd1308) thrown at [C:\Users\jenkins\workspace\openjdk8_build_x86-64_windows\openjdk\hotspot\src\share\vm\prims\jvm.cpp, line 1435]
Event: 0.339 Thread 0x000000000210e800 Exception <a 'java/security/PrivilegedActionException'> (0x00000000eafd1518) thrown at [C:\Users\jenkins\workspace\openjdk8_build_x86-64_windows\openjdk\hotspot\src\share\vm\prims\jvm.cpp, line 1435]
Event: 0.532 Thread 0x000000000210e800 Exception <a 'java/lang/ArrayIndexOutOfBoundsException': 100> (0x00000000eb42f090) thrown at [C:\Users\jenkins\workspace\openjdk8_build_x86-64_windows\openjdk\hotspot\src\share\vm\interpreter\interpreterRuntime.cpp, line 366]
Event: 0.533 Thread 0x000000000210e800 Exception <a 'java/lang/ArrayIndexOutOfBoundsException': 18> (0x00000000eb42ffc8) thrown at [C:\Users\jenkins\workspace\openjdk8_build_x86-64_windows\openjdk\hotspot\src\share\vm\interpreter\interpreterRuntime.cpp, line 366]
Event: 0.533 Thread 0x000000000210e800 Exception <a 'java/lang/ArrayIndexOutOfBoundsException': 40> (0x00000000eb430bf8) thrown at [C:\Users\jenkins\workspace\openjdk8_build_x86-64_windows\openjdk\hotspot\src\share\vm\interpreter\interpreterRuntime.cpp, line 366]
Event: 0.664 Thread 0x000000000210e800 Exception <a 'java/lang/ArrayIndexOutOfBoundsException'> (0x00000000eb8bec30) thrown at [C:\Users\jenkins\workspace\openjdk8_build_x86-64_windows\openjdk\hotspot\src\share\vm\runtime\sharedRuntime.cpp, line 605]
Event: 0.664 Thread 0x000000000210e800 Exception <a 'java/lang/ArrayIndexOutOfBoundsException'> (0x00000000eb8bf908) thrown at [C:\Users\jenkins\workspace\openjdk8_build_x86-64_windows\openjdk\hotspot\src\share\vm\runtime\sharedRuntime.cpp, line 605]
Event: 0.869 Thread 0x000000000210e800 Exception <a 'java/lang/NoSuchFieldError': method resolution failed> (0x00000000eb019d20) thrown at [C:\Users\jenkins\workspace\openjdk8_build_x86-64_windows\openjdk\hotspot\src\share\vm\prims\methodHandles.cpp, line 1167]
Event: 0.871 Thread 0x000000000210e800 Exception <a 'java/lang/NoSuchFieldError': method resolution failed> (0x00000000eb027a20) thrown at [C:\Users\jenkins\workspace\openjdk8_build_x86-64_windows\openjdk\hotspot\src\share\vm\prims\methodHandles.cpp, line 1167]

Events (10 events):
Event: 0.906 loading class org/gradle/internal/jvm/Jre
Event: 0.906 loading class org/gradle/internal/jvm/Jre done
Event: 0.906 loading class org/gradle/internal/jvm/Jvm$DefaultJre
Event: 0.906 loading class org/gradle/internal/jvm/Jvm$DefaultJre done
Event: 0.907 loading class org/gradle/internal/jvm/Jvm$JvmImplementation
Event: 0.907 loading class org/gradle/internal/jvm/Jvm$JvmImplementation done
Event: 0.907 loading class org/gradle/internal/jvm/Jvm$AppleJvm
Event: 0.907 loading class org/gradle/internal/jvm/Jvm$AppleJvm done
Event: 0.907 loading class org/gradle/internal/jvm/Jvm$IbmJvm
Event: 0.907 loading class org/gradle/internal/jvm/Jvm$IbmJvm done


Dynamic libraries:
0x000000013fd30000 - 0x000000013fd65000 	C:\Program Files\Unity\Hub\Editor\2018.3.0f2\Editor\Data\PlaybackEngines\AndroidPlayer\Tools\OpenJDK\Windows\bin\java.exe
0x0000000077550000 - 0x00000000776ef000 	C:\Windows\SYSTEM32\ntdll.dll
0x0000000077330000 - 0x000000007744f000 	C:\Windows\system32\kernel32.dll
0x000007fefd300000 - 0x000007fefd367000 	C:\Windows\system32\KERNELBASE.dll
0x000007fefd9a0000 - 0x000007fefda7b000 	C:\Windows\system32\ADVAPI32.dll
0x000007feff0b0000 - 0x000007feff14f000 	C:\Windows\system32\msvcrt.dll
0x000007fefd800000 - 0x000007fefd81f000 	C:\Windows\SYSTEM32\sechost.dll
0x000007fefd5b0000 - 0x000007fefd6dc000 	C:\Windows\system32\RPCRT4.dll
0x0000000077450000 - 0x000000007754a000 	C:\Windows\system32\USER32.dll
0x000007fefee60000 - 0x000007fefeec7000 	C:\Windows\system32\GDI32.dll
0x000007feff830000 - 0x000007feff83e000 	C:\Windows\system32\LPK.dll
0x000007fefe8e0000 - 0x000007fefe9ab000 	C:\Windows\system32\USP10.dll
0x000007fefb970000 - 0x000007fefbb65000 	C:\Windows\WinSxS\amd64_microsoft.windows.common-controls_6595b64144ccf1df_6.0.7601.24483_none_e372d88f30fbb845\COMCTL32.dll
0x000007feff150000 - 0x000007feff1c1000 	C:\Windows\system32\SHLWAPI.dll
0x000007fefe8b0000 - 0x000007fefe8de000 	C:\Windows\system32\IMM32.DLL
0x000007fefd880000 - 0x000007fefd989000 	C:\Windows\system32\MSCTF.dll
0x000007fefd240000 - 0x000007fefd245000 	C:\Windows\system32\api-ms-win-downlevel-advapi32-l1-1-0.dll
0x000007fefce70000 - 0x000007fefce95000 	C:\Windows\system32\SspiCli.dll
0x000000006b3f0000 - 0x000000006b4c2000 	C:\Program Files\Unity\Hub\Editor\2018.3.0f2\Editor\Data\PlaybackEngines\AndroidPlayer\Tools\OpenJDK\Windows\jre\bin\msvcr100.dll
0x0000000007ab0000 - 0x00000000082f9000 	C:\Program Files\Unity\Hub\Editor\2018.3.0f2\Editor\Data\PlaybackEngines\AndroidPlayer\Tools\OpenJDK\Windows\jre\bin\server\jvm.dll
0x000007fee4a20000 - 0x000007fee4a29000 	C:\Windows\system32\WSOCK32.dll
0x000007fefd460000 - 0x000007fefd4ad000 	C:\Windows\system32\WS2_32.dll
0x000007fefd990000 - 0x000007fefd998000 	C:\Windows\system32\NSI.dll
0x000007fef7ed0000 - 0x000007fef7f0b000 	C:\Windows\system32\WINMM.dll
0x000007fefc160000 - 0x000007fefc16c000 	C:\Windows\system32\VERSION.dll
0x00000000776f0000 - 0x00000000776f7000 	C:\Windows\system32\PSAPI.DLL
0x000007fef9db0000 - 0x000007fef9dbf000 	C:\Program Files\Unity\Hub\Editor\2018.3.0f2\Editor\Data\PlaybackEngines\AndroidPlayer\Tools\OpenJDK\Windows\jre\bin\verify.dll
0x000007fee8cd0000 - 0x000007fee8cf9000 	C:\Program Files\Unity\Hub\Editor\2018.3.0f2\Editor\Data\PlaybackEngines\AndroidPlayer\Tools\OpenJDK\Windows\jre\bin\java.dll
0x000007fef9ca0000 - 0x000007fef9cb6000 	C:\Program Files\Unity\Hub\Editor\2018.3.0f2\Editor\Data\PlaybackEngines\AndroidPlayer\Tools\OpenJDK\Windows\jre\bin\zip.dll
0x000007fefdb20000 - 0x000007fefe8ab000 	C:\Windows\system32\SHELL32.dll
0x000007feff4a0000 - 0x000007feff69f000 	C:\Windows\system32\ole32.dll
0x000007fefd0b0000 - 0x000007fefd0bf000 	C:\Windows\system32\profapi.dll
0x000007fee5ac0000 - 0x000007fee5ada000 	C:\Program Files\Unity\Hub\Editor\2018.3.0f2\Editor\Data\PlaybackEngines\AndroidPlayer\Tools\OpenJDK\Windows\jre\bin\net.dll
0x000007fefc7e0000 - 0x000007fefc835000 	C:\Windows\system32\mswsock.dll
0x000007fefc7d0000 - 0x000007fefc7d7000 	C:\Windows\System32\wship6.dll
0x000007fee4bd0000 - 0x000007fee4be1000 	C:\Program Files\Unity\Hub\Editor\2018.3.0f2\Editor\Data\PlaybackEngines\AndroidPlayer\Tools\OpenJDK\Windows\jre\bin\nio.dll
0x000007fee4bb0000 - 0x000007fee4bce000 	C:\Users\koshman\.gradle\native\25\windows-amd64\native-platform.dll
0x000007fef9dc0000 - 0x000007fef9dca000 	C:\Users\koshman\.gradle\native\jansi\1.14\windows64\jansi.dll
0x000007feea7a0000 - 0x000007feea8c5000 	C:\Windows\system32\dbghelp.dll

VM Arguments:
java_command: org.gradle.launcher.GradleMain -Dorg.gradle.jvmargs=-Xmx4096m
java_class_path (initial): C:\Program Files\Unity\Hub\Editor\2018.3.0f2\Editor\Data\PlaybackEngines\AndroidPlayer\Tools\gradle\lib\gradle-launcher-4.6.jar
Launcher Type: SUN_STANDARD

Environment Variables:
JAVA_HOME=C:\Program Files\Unity\Hub\Editor\2018.3.0f2\Editor\Data\PlaybackEngines\AndroidPlayer/Tools\OpenJDK\Windows
PATH=C:\Program Files (x86)\NVIDIA Corporation\PhysX\Common;C:\Windows\system32;C:\Windows;C:\Windows\System32\Wbem;C:\Windows\System32\WindowsPowerShell\v1.0;C:\Users\koshman\Ruby\rubyinstaller-2.5.3-1-x64\bin;C:\Program Files\Git\cmd
USERNAME=koshman
OS=Windows_NT
PROCESSOR_IDENTIFIER=Intel64 Family 6 Model 15 Stepping 11, GenuineIntel



---------------  S Y S T E M  ---------------

OS: Windows 7 , 64 bit Build 7601 (6.1.7601.24499)

CPU:total 4 (initial active 4) (4 cores per cpu, 1 threads per core) family 6 model 15 stepping 11, cmov, cx8, fxsr, mmx, sse, sse2, sse3, ssse3, tsc

Memory: 4k page, physical 4191712k(893520k free), swap 8381524k(2315228k free)

vm_info: OpenJDK 64-Bit Server VM (25.71-b00) for windows-amd64 JRE (1.8.0-adoptopenjdk-_2018_05_19_00_59-b00), built on May 19 2018 01:02:12 by "jenkins" with MS VC++ 10.0 (VS2010)

time: Mon Jul 22 15:38:44 2019
elapsed time: 0 seconds (0d 0h 0m 0s)

