#
# A fatal error has been detected by the Java Runtime Environment:
#
#  EXCEPTION_ACCESS_VIOLATION (0xc0000005) at pc=0xffffffffa35b5120, pid=5880, tid=0x00000000000019c0
#
# JRE version: OpenJDK Runtime Environment (8.0) (build 1.8.0-adoptopenjdk-_2018_05_19_00_59-b00)
# Java VM: OpenJDK 64-Bit Server VM (25.71-b00 mixed mode windows-amd64 compressed oops)
# Problematic frame:
# C  0xffffffffa35b5120
#
# Failed to write core dump. Minidumps are not enabled by default on client versions of Windows
#
# If you would like to submit a bug report, please visit:
#   http://bugreport.java.com/bugreport/crash.jsp
#

---------------  T H R E A D  ---------------

Current thread (0x0000000001ddf800):  JavaThread "main" [_thread_in_Java, id=6592, stack(0x00000000021e0000,0x00000000022e0000)]

siginfo: ExceptionCode=0xc0000005, ExceptionInformation=0x0000000000000008 0xffffffffa35b5120

Registers:
RAX=0x00000000eac5fea8, RBX=0x0000000000000000, RCX=0x0000000000000000, RDX=0x00000000eac5fea8
RSP=0x00000000022db9b8, RBP=0x00000000eac5e850, RSI=0x00000000eac5e850, RDI=0x00000000546ea268
R8 =0x0000000000000000, R9 =0x00000000eac5e850, R10=0x0000000000000005, R11=0x00000000ebd8e9b0
R12=0x0000000000000000, R13=0x00000000022dba98, R14=0x0000000000000000, R15=0x0000000001ddf800
RIP=0xffffffffa35b5120, EFLAGS=0x0000000000010246

Top of Stack: (sp=0x00000000022db9b8)
0x00000000022db9b8:   0000000002a151c0 00000000022db9c0
0x00000000022db9c8:   00000000546e01e9 00000000022dba40
0x00000000022db9d8:   00000000546e0ca0 00000000ebd8e9b0
0x00000000022db9e8:   0000000100000000 00000000eac5fea8
0x00000000022db9f8:   00000000022dba10 00000000022dba88
0x00000000022dba08:   00000000025b8071 00000000ebe35260
0x00000000022dba18:   00000000eac5fbc8 00000000ebda0000
0x00000000022dba28:   00000000026ce819 00000000022dbae8
0x00000000022dba38:   00000000028b24c4 00000000022dbae8
0x00000000022dba48:   00000000027503f4 00000000546e0b62
0x00000000022dba58:   00000000022dbad0 00000000546e0ca0
0x00000000022dba68:   0000000000000000 00000000022dbae8
0x00000000022dba78:   00000000025b8071 00000000022dbae8
0x00000000022dba88:   00000000025b79f0 00000000025b79f0
0x00000000022dba98:   00000000ebd8e9b0 00000000eac5e850
0x00000000022dbaa8:   00000000022dbaa8 00000000546e1f04 

Instructions: (pc=0xffffffffa35b5120)
0xffffffffa35b5100:   
[error occurred during error reporting (printing registers, top of stack, instructions near pc), id 0xc0000005]

Register to memory mapping:

RAX=0x00000000eac5fea8 is an oop
sun.misc.ProxyGenerator$ConstantPool$ValueEntry 
 - klass: 'sun/misc/ProxyGenerator$ConstantPool$ValueEntry'
RBX=0x0000000000000000 is an unknown value
RCX=0x0000000000000000 is an unknown value
RDX=0x00000000eac5fea8 is an oop
sun.misc.ProxyGenerator$ConstantPool$ValueEntry 
 - klass: 'sun/misc/ProxyGenerator$ConstantPool$ValueEntry'
RSP=0x00000000022db9b8 is pointing into the stack for thread: 0x0000000001ddf800
RBP=0x00000000eac5e850 is an oop
sun.misc.ProxyGenerator$ConstantPool 
 - klass: 'sun/misc/ProxyGenerator$ConstantPool'
RSI=0x00000000eac5e850 is an oop
sun.misc.ProxyGenerator$ConstantPool 
 - klass: 'sun/misc/ProxyGenerator$ConstantPool'
RDI=0x00000000546ea268 is pointing into metadata
R8 =0x0000000000000000 is an unknown value
R9 =0x00000000eac5e850 is an oop
sun.misc.ProxyGenerator$ConstantPool 
 - klass: 'sun/misc/ProxyGenerator$ConstantPool'
R10=0x0000000000000005 is an unknown value
R11=0x00000000ebd8e9b0 is an oop
java.lang.String 
 - klass: 'java/lang/String'
R12=0x0000000000000000 is an unknown value
R13=0x00000000022dba98 is pointing into the stack for thread: 0x0000000001ddf800
R14=0x0000000000000000 is an unknown value
R15=0x0000000001ddf800 is a thread


Stack: [0x00000000021e0000,0x00000000022e0000],  sp=0x00000000022db9b8,  free space=1006k
Native frames: (J=compiled Java code, j=interpreted, Vv=VM code, C=native code)
C  0xffffffffa35b5120


---------------  P R O C E S S  ---------------

Java Threads: ( => current thread )
  0x000000005653c000 JavaThread "Keep-Alive-Timer" daemon [_thread_blocked, id=8608, stack(0x0000000058090000,0x0000000058190000)]
  0x00000000562a8000 JavaThread "Service Thread" daemon [_thread_blocked, id=7688, stack(0x0000000056be0000,0x0000000056ce0000)]
  0x0000000054cfb000 JavaThread "C1 CompilerThread2" daemon [_thread_blocked, id=8536, stack(0x0000000056000000,0x0000000056100000)]
  0x0000000054cf8000 JavaThread "C2 CompilerThread1" daemon [_thread_blocked, id=7508, stack(0x0000000056680000,0x0000000056780000)]
  0x0000000056222800 JavaThread "C2 CompilerThread0" daemon [_thread_blocked, id=9972, stack(0x0000000056a10000,0x0000000056b10000)]
  0x0000000054cf6000 JavaThread "Attach Listener" daemon [_thread_blocked, id=9592, stack(0x00000000568d0000,0x00000000569d0000)]
  0x0000000054cf4800 JavaThread "Signal Dispatcher" daemon [_thread_blocked, id=7820, stack(0x0000000056780000,0x0000000056880000)]
  0x0000000054cdd000 JavaThread "Finalizer" daemon [_thread_blocked, id=6520, stack(0x0000000056120000,0x0000000056220000)]
  0x0000000054c96000 JavaThread "Reference Handler" daemon [_thread_blocked, id=7276, stack(0x0000000055eb0000,0x0000000055fb0000)]
=>0x0000000001ddf800 JavaThread "main" [_thread_in_Java, id=6592, stack(0x00000000021e0000,0x00000000022e0000)]

Other Threads:
  0x0000000054c8d800 VMThread [stack: 0x0000000055d30000,0x0000000055e30000] [id=6392]
  0x0000000054cfe000 WatcherThread [stack: 0x0000000056d20000,0x0000000056e20000] [id=10136]

VM state:not at safepoint (normal execution)

VM Mutex/Monitor currently owned by a thread: None

Heap:
 PSYoungGen      total 18944K, used 4253K [0x00000000eab00000, 0x00000000ec000000, 0x0000000100000000)
  eden space 16384K, 10% used [0x00000000eab00000,0x00000000eacaabc0,0x00000000ebb00000)
  from space 2560K, 99% used [0x00000000ebd80000,0x00000000ebffc998,0x00000000ec000000)
  to   space 2560K, 0% used [0x00000000ebb00000,0x00000000ebb00000,0x00000000ebd80000)
 ParOldGen       total 44032K, used 2791K [0x00000000c0000000, 0x00000000c2b00000, 0x00000000eab00000)
  object space 44032K, 6% used [0x00000000c0000000,0x00000000c02b9e68,0x00000000c2b00000)
 Metaspace       used 16061K, capacity 16352K, committed 16640K, reserved 1064960K
  class space    used 1885K, capacity 2006K, committed 2048K, reserved 1048576K

Card table byte_map: [0x0000000011970000,0x0000000011b80000] byte_map_base: 0x0000000011370000

Marking Bits: (ParMarkBitMap*) 0x0000000068f9be50
 Begin Bits: [0x0000000012100000, 0x0000000013100000)
 End Bits:   [0x0000000013100000, 0x0000000014100000)

Polling page: 0x0000000001c70000

CodeCache: size=245760Kb used=4717Kb max_used=4721Kb free=241042Kb
 bounds [0x00000000025b0000, 0x0000000002a60000, 0x00000000115b0000]
 total_blobs=1814 nmethods=1396 adapters=332
 compilation: enabled

Compilation events (10 events):
Event: 34.926 Thread 0x0000000054cfb000 1390       3       sun.misc.ProxyGenerator::access$700 (7 bytes)
Event: 34.926 Thread 0x0000000054cfb000 nmethod 1390 0x0000000002a4bc50 code [0x0000000002a4bdc0, 0x0000000002a4bfa8]
Event: 34.926 Thread 0x0000000054cfb000 1388       1       java.lang.reflect.Proxy$Key1::hashCode (5 bytes)
Event: 34.926 Thread 0x0000000054cfb000 nmethod 1388 0x0000000002a4c0d0 code [0x0000000002a4c220, 0x0000000002a4c330]
Event: 34.931 Thread 0x0000000054cfb000 1391       1       java.lang.Class$MethodArray::length (5 bytes)
Event: 34.932 Thread 0x0000000054cfb000 nmethod 1391 0x0000000002a4c390 code [0x0000000002a4c4e0, 0x0000000002a4c5f0]
Event: 34.932 Thread 0x0000000056222800 1392       4       sun.misc.ProxyGenerator$ConstantPool$Entry::<init> (5 bytes)
Event: 34.932 Thread 0x0000000056222800 nmethod 1392 0x0000000002a39590 code [0x0000000002a396c0, 0x0000000002a39718]
Event: 34.933 Thread 0x0000000054cfb000 1393       3       java.lang.Class::searchMethods (90 bytes)
Event: 34.933 Thread 0x0000000054cf8000 1396       4       java.util.ArrayList$Itr::hasNext (20 bytes)

GC Heap History (4 events):
Event: 17.643 GC heap before
{Heap before GC invocations=1 (full 0):
 PSYoungGen      total 18944K, used 16384K [0x00000000eab00000, 0x00000000ec000000, 0x0000000100000000)
  eden space 16384K, 100% used [0x00000000eab00000,0x00000000ebb00000,0x00000000ebb00000)
  from space 2560K, 0% used [0x00000000ebd80000,0x00000000ebd80000,0x00000000ec000000)
  to   space 2560K, 0% used [0x00000000ebb00000,0x00000000ebb00000,0x00000000ebd80000)
 ParOldGen       total 44032K, used 0K [0x00000000c0000000, 0x00000000c2b00000, 0x00000000eab00000)
  object space 44032K, 0% used [0x00000000c0000000,0x00000000c0000000,0x00000000c2b00000)
 Metaspace       used 8684K, capacity 8878K, committed 9088K, reserved 1056768K
  class space    used 1026K, capacity 1085K, committed 1152K, reserved 1048576K
Event: 17.653 GC heap after
Heap after GC invocations=1 (full 0):
 PSYoungGen      total 18944K, used 2534K [0x00000000eab00000, 0x00000000ec000000, 0x0000000100000000)
  eden space 16384K, 0% used [0x00000000eab00000,0x00000000eab00000,0x00000000ebb00000)
  from space 2560K, 98% used [0x00000000ebb00000,0x00000000ebd798f8,0x00000000ebd80000)
  to   space 2560K, 0% used [0x00000000ebd80000,0x00000000ebd80000,0x00000000ec000000)
 ParOldGen       total 44032K, used 881K [0x00000000c0000000, 0x00000000c2b00000, 0x00000000eab00000)
  object space 44032K, 2% used [0x00000000c0000000,0x00000000c00dc4f8,0x00000000c2b00000)
 Metaspace       used 8684K, capacity 8878K, committed 9088K, reserved 1056768K
  class space    used 1026K, capacity 1085K, committed 1152K, reserved 1048576K
}
Event: 33.723 GC heap before
{Heap before GC invocations=2 (full 0):
 PSYoungGen      total 18944K, used 18918K [0x00000000eab00000, 0x00000000ec000000, 0x0000000100000000)
  eden space 16384K, 100% used [0x00000000eab00000,0x00000000ebb00000,0x00000000ebb00000)
  from space 2560K, 98% used [0x00000000ebb00000,0x00000000ebd798f8,0x00000000ebd80000)
  to   space 2560K, 0% used [0x00000000ebd80000,0x00000000ebd80000,0x00000000ec000000)
 ParOldGen       total 44032K, used 881K [0x00000000c0000000, 0x00000000c2b00000, 0x00000000eab00000)
  object space 44032K, 2% used [0x00000000c0000000,0x00000000c00dc4f8,0x00000000c2b00000)
 Metaspace       used 15124K, capacity 15378K, committed 15488K, reserved 1062912K
  class space    used 1771K, capacity 1873K, committed 1920K, reserved 1048576K
Event: 33.736 GC heap after
Heap after GC invocations=2 (full 0):
 PSYoungGen      total 18944K, used 2546K [0x00000000eab00000, 0x00000000ec000000, 0x0000000100000000)
  eden space 16384K, 0% used [0x00000000eab00000,0x00000000eab00000,0x00000000ebb00000)
  from space 2560K, 99% used [0x00000000ebd80000,0x00000000ebffc998,0x00000000ec000000)
  to   space 2560K, 0% used [0x00000000ebb00000,0x00000000ebb00000,0x00000000ebd80000)
 ParOldGen       total 44032K, used 2791K [0x00000000c0000000, 0x00000000c2b00000, 0x00000000eab00000)
  object space 44032K, 6% used [0x00000000c0000000,0x00000000c02b9e68,0x00000000c2b00000)
 Metaspace       used 15124K, capacity 15378K, committed 15488K, reserved 1062912K
  class space    used 1771K, capacity 1873K, committed 1920K, reserved 1048576K
}

Deoptimization events (10 events):
Event: 31.033 Thread 0x0000000001ddf800 Uncommon trap: reason=unstable_if action=reinterpret pc=0x00000000028f4ae0 method=java.util.HashMap.getNode(ILjava/lang/Object;)Ljava/util/HashMap$Node; @ 129
Event: 31.033 Thread 0x0000000001ddf800 Uncommon trap: reason=bimorphic action=maybe_recompile pc=0x00000000028ad9e8 method=java.util.HashMap.putVal(ILjava/lang/Object;Ljava/lang/Object;ZZ)Ljava/lang/Object; @ 203
Event: 31.207 Thread 0x0000000001ddf800 Uncommon trap: reason=range_check action=make_not_entrant pc=0x00000000029f2710 method=sun.reflect.generics.parser.SignatureParser.current()C @ 34
Event: 31.582 Thread 0x0000000001ddf800 Uncommon trap: reason=bimorphic action=maybe_recompile pc=0x00000000029ae114 method=java.io.DataInputStream.readInt()I @ 4
Event: 31.582 Thread 0x0000000001ddf800 Uncommon trap: reason=bimorphic action=maybe_recompile pc=0x00000000029ae114 method=java.io.DataInputStream.readInt()I @ 4
Event: 31.583 Thread 0x0000000001ddf800 Uncommon trap: reason=bimorphic action=maybe_recompile pc=0x00000000029ae114 method=java.io.DataInputStream.readInt()I @ 4
Event: 31.583 Thread 0x0000000001ddf800 Uncommon trap: reason=bimorphic action=maybe_recompile pc=0x00000000029ae114 method=java.io.DataInputStream.readInt()I @ 4
Event: 31.611 Thread 0x0000000001ddf800 Uncommon trap: reason=unstable_if action=reinterpret pc=0x0000000002809ae4 method=java.lang.AbstractStringBuilder.append(Ljava/lang/String;)Ljava/lang/AbstractStringBuilder; @ 1
Event: 33.770 Thread 0x0000000001ddf800 Uncommon trap: reason=unstable_if action=reinterpret pc=0x00000000027d17a0 method=java.lang.AbstractStringBuilder.append(Ljava/lang/String;)Ljava/lang/AbstractStringBuilder; @ 1
Event: 34.535 Thread 0x0000000001ddf800 Uncommon trap: reason=unstable_if action=reinterpret pc=0x000000000299a16c method=java.lang.Integer.parseInt(Ljava/lang/String;I)I @ 197

Classes redefined (0 events):
No events

Internal exceptions (10 events):
Event: 30.801 Thread 0x0000000001ddf800 Exception <a 'java/lang/ClassNotFoundException': com/sun/org/glassfish/hk2/osgiresourcelocator/ServiceLoader> (0x00000000eb80f218) thrown at [C:\Users\jenkins\workspace\openjdk8_build_x86-64_windows\openjdk\hotspot\src\share\vm\classfile\systemDictionary.
Event: 30.876 Thread 0x0000000001ddf800 Exception <a 'java/lang/NullPointerException'> (0x00000000eb821200) thrown at [C:\Users\jenkins\workspace\openjdk8_build_x86-64_windows\openjdk\hotspot\src\share\vm\interpreter\linkResolver.cpp, line 1287]
Event: 31.191 Thread 0x0000000001ddf800 Exception <a 'java/lang/ArrayIndexOutOfBoundsException'> (0x00000000eb8b7ec8) thrown at [C:\Users\jenkins\workspace\openjdk8_build_x86-64_windows\openjdk\hotspot\src\share\vm\runtime\sharedRuntime.cpp, line 605]
Event: 31.191 Thread 0x0000000001ddf800 Exception <a 'java/lang/ArrayIndexOutOfBoundsException'> (0x00000000eb8b8d58) thrown at [C:\Users\jenkins\workspace\openjdk8_build_x86-64_windows\openjdk\hotspot\src\share\vm\runtime\sharedRuntime.cpp, line 605]
Event: 31.192 Thread 0x0000000001ddf800 Exception <a 'java/lang/ArrayIndexOutOfBoundsException'> (0x00000000eb8ba1e0) thrown at [C:\Users\jenkins\workspace\openjdk8_build_x86-64_windows\openjdk\hotspot\src\share\vm\runtime\sharedRuntime.cpp, line 605]
Event: 31.207 Thread 0x0000000001ddf800 Exception <a 'java/lang/ArrayIndexOutOfBoundsException': 85> (0x00000000eb8fe2d8) thrown at [C:\Users\jenkins\workspace\openjdk8_build_x86-64_windows\openjdk\hotspot\src\share\vm\interpreter\interpreterRuntime.cpp, line 366]
Event: 31.208 Thread 0x0000000001ddf800 Exception <a 'java/lang/ArrayIndexOutOfBoundsException': 76> (0x00000000eb8ff800) thrown at [C:\Users\jenkins\workspace\openjdk8_build_x86-64_windows\openjdk\hotspot\src\share\vm\interpreter\interpreterRuntime.cpp, line 366]
Event: 31.611 Thread 0x0000000001ddf800 Implicit null exception at 0x0000000002809746 to 0x0000000002809acd
Event: 33.770 Thread 0x0000000001ddf800 Implicit null exception at 0x00000000027d1406 to 0x00000000027d1789
Event: 34.918 Thread 0x0000000001ddf800 Exception <a 'java/lang/ClassNotFoundException': com/sun/org/glassfish/hk2/osgiresourcelocator/ServiceLoader> (0x00000000eac0d000) thrown at [C:\Users\jenkins\workspace\openjdk8_build_x86-64_windows\openjdk\hotspot\src\share\vm\classfile\systemDictionary.

Events (10 events):
Event: 34.926 loading class com/sun/xml/internal/bind/v2/model/core/ValuePropertyInfo
Event: 34.926 loading class com/sun/xml/internal/bind/v2/model/core/ValuePropertyInfo done
Event: 34.927 loading class com/sun/xml/internal/bind/v2/model/runtime/RuntimeValuePropertyInfo done
Event: 34.927 loading class com/sun/xml/internal/bind/v2/model/impl/ValuePropertyInfoImpl
Event: 34.927 loading class com/sun/xml/internal/bind/v2/model/impl/SingleTypePropertyInfoImpl
Event: 34.930 loading class com/sun/xml/internal/bind/v2/model/impl/SingleTypePropertyInfoImpl done
Event: 34.930 loading class com/sun/xml/internal/bind/v2/model/impl/ValuePropertyInfoImpl done
Event: 34.930 loading class com/sun/xml/internal/bind/v2/model/impl/RuntimeValuePropertyInfoImpl done
Event: 34.931 loading class sun/misc/ProxyGenerator$1
Event: 34.932 loading class sun/misc/ProxyGenerator$1 done


Dynamic libraries:
0x000000013f140000 - 0x000000013f175000 	C:\Program Files\Unity\Hub\Editor\2019.2.0f1\Editor\Data\PlaybackEngines\AndroidPlayer\Tools\OpenJDK\Windows\bin\java.exe
0x0000000077660000 - 0x00000000777ff000 	C:\Windows\SYSTEM32\ntdll.dll
0x0000000077440000 - 0x000000007755f000 	C:\Windows\system32\kernel32.dll
0x000007fefd4f0000 - 0x000007fefd557000 	C:\Windows\system32\KERNELBASE.dll
0x000007fefd850000 - 0x000007fefd92b000 	C:\Windows\system32\ADVAPI32.dll
0x000007fefdbe0000 - 0x000007fefdc7f000 	C:\Windows\system32\msvcrt.dll
0x000007feff6b0000 - 0x000007feff6cf000 	C:\Windows\SYSTEM32\sechost.dll
0x000007fefe210000 - 0x000007fefe33c000 	C:\Windows\system32\RPCRT4.dll
0x0000000077560000 - 0x000000007765a000 	C:\Windows\system32\USER32.dll
0x000007feff770000 - 0x000007feff7d7000 	C:\Windows\system32\GDI32.dll
0x000007fefd840000 - 0x000007fefd84e000 	C:\Windows\system32\LPK.dll
0x000007fefe560000 - 0x000007fefe62b000 	C:\Windows\system32\USP10.dll
0x000007fefbab0000 - 0x000007fefbca5000 	C:\Windows\WinSxS\amd64_microsoft.windows.common-controls_6595b64144ccf1df_6.0.7601.24483_none_e372d88f30fbb845\COMCTL32.dll
0x000007fefd990000 - 0x000007fefda01000 	C:\Windows\system32\SHLWAPI.dll
0x000007fefda20000 - 0x000007fefda4e000 	C:\Windows\system32\IMM32.DLL
0x000007fefe630000 - 0x000007fefe73b000 	C:\Windows\system32\MSCTF.dll
0x000007fefd470000 - 0x000007fefd475000 	C:\Windows\system32\api-ms-win-downlevel-advapi32-l1-1-0.dll
0x000007fefcf80000 - 0x000007fefcfa5000 	C:\Windows\system32\SspiCli.dll
0x00000000691e0000 - 0x00000000692b2000 	C:\Program Files\Unity\Hub\Editor\2019.2.0f1\Editor\Data\PlaybackEngines\AndroidPlayer\Tools\OpenJDK\Windows\jre\bin\msvcr100.dll
0x00000000687d0000 - 0x0000000069019000 	C:\Program Files\Unity\Hub\Editor\2019.2.0f1\Editor\Data\PlaybackEngines\AndroidPlayer\Tools\OpenJDK\Windows\jre\bin\server\jvm.dll
0x000007fee96c0000 - 0x000007fee96c9000 	C:\Windows\system32\WSOCK32.dll
0x000007feff900000 - 0x000007feff94d000 	C:\Windows\system32\WS2_32.dll
0x000007fefda10000 - 0x000007fefda18000 	C:\Windows\system32\NSI.dll
0x000007fefa5e0000 - 0x000007fefa61b000 	C:\Windows\system32\WINMM.dll
0x000007fefc270000 - 0x000007fefc27c000 	C:\Windows\system32\VERSION.dll
0x0000000077800000 - 0x0000000077807000 	C:\Windows\system32\PSAPI.DLL
0x000007fefa420000 - 0x000007fefa42f000 	C:\Program Files\Unity\Hub\Editor\2019.2.0f1\Editor\Data\PlaybackEngines\AndroidPlayer\Tools\OpenJDK\Windows\jre\bin\verify.dll
0x000007fee9080000 - 0x000007fee90a9000 	C:\Program Files\Unity\Hub\Editor\2019.2.0f1\Editor\Data\PlaybackEngines\AndroidPlayer\Tools\OpenJDK\Windows\jre\bin\java.dll
0x000007fee8930000 - 0x000007fee8946000 	C:\Program Files\Unity\Hub\Editor\2019.2.0f1\Editor\Data\PlaybackEngines\AndroidPlayer\Tools\OpenJDK\Windows\jre\bin\zip.dll
0x000007fefe740000 - 0x000007feff4cb000 	C:\Windows\system32\SHELL32.dll
0x000007fefe340000 - 0x000007fefe53f000 	C:\Windows\system32\ole32.dll
0x000007fefd1b0000 - 0x000007fefd1bf000 	C:\Windows\system32\profapi.dll
0x000007fee83a0000 - 0x000007fee83ba000 	C:\Program Files\Unity\Hub\Editor\2019.2.0f1\Editor\Data\PlaybackEngines\AndroidPlayer\Tools\OpenJDK\Windows\jre\bin\net.dll
0x000007fefc8f0000 - 0x000007fefc945000 	C:\Windows\system32\mswsock.dll
0x000007fefc8e0000 - 0x000007fefc8e7000 	C:\Windows\System32\wship6.dll
0x000007fee8140000 - 0x000007fee8151000 	C:\Program Files\Unity\Hub\Editor\2019.2.0f1\Editor\Data\PlaybackEngines\AndroidPlayer\Tools\OpenJDK\Windows\jre\bin\nio.dll
0x000007fee7ac0000 - 0x000007fee7ae4000 	C:\Program Files\Unity\Hub\Editor\2019.2.0f1\Editor\Data\PlaybackEngines\AndroidPlayer\Tools\OpenJDK\Windows\jre\bin\sunec.dll
0x000007fefc950000 - 0x000007fefc968000 	C:\Windows\system32\CRYPTSP.dll
0x000007fefc650000 - 0x000007fefc697000 	C:\Windows\system32\rsaenh.dll
0x000007fefd480000 - 0x000007fefd49f000 	C:\Windows\system32\USERENV.dll
0x000007fefd010000 - 0x000007fefd01f000 	C:\Windows\system32\CRYPTBASE.dll
0x000007fefa3b0000 - 0x000007fefa3d7000 	C:\Windows\system32\IPHLPAPI.DLL
0x000007fefa2f0000 - 0x000007fefa2fb000 	C:\Windows\system32\WINNSI.DLL
0x000007fef9b60000 - 0x000007fef9b71000 	C:\Windows\system32\dhcpcsvc6.DLL
0x000007fef9aa0000 - 0x000007fef9ab8000 	C:\Windows\system32\dhcpcsvc.DLL
0x000007fefa430000 - 0x000007fefa43b000 	C:\Program Files\Unity\Hub\Editor\2019.2.0f1\Editor\Data\PlaybackEngines\AndroidPlayer\Tools\OpenJDK\Windows\jre\bin\sunmscapi.dll
0x000007fefd1d0000 - 0x000007fefd33d000 	C:\Windows\system32\CRYPT32.dll
0x000007fefd1c0000 - 0x000007fefd1cf000 	C:\Windows\system32\MSASN1.dll
0x000007fefc340000 - 0x000007fefc347000 	C:\Windows\System32\wshtcpip.dll
0x000007fefc770000 - 0x000007fefc7cb000 	C:\Windows\system32\DNSAPI.dll
0x000007fef6b40000 - 0x000007fef6b48000 	C:\Windows\system32\rasadhlp.dll
0x000007fefa1a0000 - 0x000007fefa1f3000 	C:\Windows\System32\fwpuclnt.dll
0x000007fee9350000 - 0x000007fee9475000 	C:\Windows\system32\dbghelp.dll

VM Arguments:
jvm_args: -Dcom.android.sdklib.toolsdir=C:\Program Files\Unity\Hub\Editor\2019.2.0f1\Editor\Data\PlaybackEngines\AndroidPlayer\SDK\tools\bin\\.. 
java_command: com.android.sdklib.tool.sdkmanager.SdkManagerCli --list
java_class_path (initial): C:\Program Files\Unity\Hub\Editor\2019.2.0f1\Editor\Data\PlaybackEngines\AndroidPlayer\SDK\tools\bin\..\lib\dvlib-26.0.0-dev.jar;C:\Program Files\Unity\Hub\Editor\2019.2.0f1\Editor\Data\PlaybackEngines\AndroidPlayer\SDK\tools\bin\..\lib\jimfs-1.1.jar;C:\Program Files\Unity\Hub\Editor\2019.2.0f1\Editor\Data\PlaybackEngines\AndroidPlayer\SDK\tools\bin\..\lib\jsr305-1.3.9.jar;C:\Program Files\Unity\Hub\Editor\2019.2.0f1\Editor\Data\PlaybackEngines\AndroidPlayer\SDK\tools\bin\..\lib\repository-26.0.0-dev.jar;C:\Program Files\Unity\Hub\Editor\2019.2.0f1\Editor\Data\PlaybackEngines\AndroidPlayer\SDK\tools\bin\..\lib\j2objc-annotations-1.1.jar;C:\Program Files\Unity\Hub\Editor\2019.2.0f1\Editor\Data\PlaybackEngines\AndroidPlayer\SDK\tools\bin\..\lib\layoutlib-api-26.0.0-dev.jar;C:\Program Files\Unity\Hub\Editor\2019.2.0f1\Editor\Data\PlaybackEngines\AndroidPlayer\SDK\tools\bin\..\lib\gson-2.3.jar;C:\Program Files\Unity\Hub\Editor\2019.2.0f1\Editor\Data\PlaybackEngines\AndroidPlayer\SDK\tools\bin\..\lib\httpcore-4.2.5.jar;C:\Program Files\Unity\Hub\Editor\2019.2.0f1\Editor\Data\PlaybackEngines\AndroidPlayer\SDK\tools\bin\..\lib\commons-logging-1.1.1.jar;C:\Program Files\Unity\Hub\Editor\2019.2.0f1\Editor\Data\PlaybackEngines\AndroidPlayer\SDK\tools\bin\..\lib\commons-compress-1.12.jar;C:\Program Files\Unity\Hub\Editor\2019.2.0f1\Editor\Data\PlaybackEngines\AndroidPlayer\SDK\tools\bin\..\lib\annotations-26.0.0-dev.jar;C:\Program Files\Unity\Hub\Editor\2019.2.0f1\Editor\Data\PlaybackEngines\AndroidPlayer\SDK\tools\bin\..\lib\error_prone_annotations-2.0.18.jar;C:\Program Files\Unity\Hub\Editor\2019.2.0f1\Editor\Data\PlaybackEngines\AndroidPlayer\SDK\tools\bin\..\lib\animal-sniffer-annotations-1.14.jar;C:\Program Files\Unity\Hub\Editor\2019.2.0f1\Editor\Data\PlaybackEngines\AndroidPlayer\SDK\tools\bin\..\lib\httpclient-4.2.6.jar;C:\Program Files\Unity\Hub\Editor\2019.2.0f1\Editor\Data\PlaybackEngines\AndroidPlayer\SDK\tools\bin\..\lib\commons-codec-
Launcher Type: SUN_STANDARD

Environment Variables:
JAVA_HOME=C:/Program Files/Unity/Hub/Editor/2019.2.0f1/Editor/Data/PlaybackEngines/AndroidPlayer/Tools\OpenJDK\Windows
PATH=C:\Program Files (x86)\NVIDIA Corporation\PhysX\Common;C:\Windows\system32;C:\Windows;C:\Windows\System32\Wbem;C:\Windows\System32\WindowsPowerShell\v1.0;C:\Users\koshman\Ruby\rubyinstaller-2.5.3-1-x64\bin;C:\Program Files\Git\cmd
USERNAME=koshman
OS=Windows_NT
PROCESSOR_IDENTIFIER=Intel64 Family 6 Model 15 Stepping 11, GenuineIntel



---------------  S Y S T E M  ---------------

OS: Windows 7 , 64 bit Build 7601 (6.1.7601.24511)

CPU:total 4 (initial active 4) (4 cores per cpu, 1 threads per core) family 6 model 15 stepping 11, cmov, cx8, fxsr, mmx, sse, sse2, sse3, ssse3, tsc

Memory: 4k page, physical 4191712k(1500524k free), swap 8381524k(4606948k free)

vm_info: OpenJDK 64-Bit Server VM (25.71-b00) for windows-amd64 JRE (1.8.0-adoptopenjdk-_2018_05_19_00_59-b00), built on May 19 2018 01:02:12 by "jenkins" with MS VC++ 10.0 (VS2010)

time: Thu Aug 22 16:10:59 2019
elapsed time: 34 seconds (0d 0h 0m 34s)

